C51 COMPILER V9.01   第二_                                                                05/22/2017 20:28:53 PAGE 1   


C51 COMPILER V9.01, COMPILATION OF MODULE 第二_
OBJECT MODULE PLACED IN 第二题.OBJ
COMPILER INVOKED BY: F:\keil 4\C51\BIN\C51.EXE 第二题.c BROWSE DEBUG OBJECTEXTEND

line level    source

   1          #include<reg51.h>
   2          #include<intrins.h>
   3          int num,aa;
   4          
   5          void Delay10ms(unsigned int c)   //误差 0us
   6          {
   7   1          unsigned char a, b;
   8   1      
   9   1              //--c已经在传递过来的时候已经赋值了，所以在for语句第一句就不用赋值了--//
  10   1          for (;c>0;c--)
  11   1              {
  12   2                      for (b=38;b>0;b--)
  13   2                      {
  14   3                              for (a=130;a>0;a--);
  15   3                      }         
  16   2              }
  17   1      }
  18          void main()
  19          {
  20   1              TMOD=0X01;                                                      //定时器初始化
  21   1              TH0=(65536-5000)/256;
  22   1              TL0=(65536-5000)%256;
  23   1              TR0=1;
  24   1              
  25   1              EA=1;
  26   1              ET0=1; 
  27   1              EX1=1;
  28   1              aa=0x01;
  29   1               while(1)
  30   1               {
  31   2                      if(num>=30)
  32   2                      {       
  33   3                              num=0;                                  //灯全灭
  34   3                              P1=aa;
  35   3                              Delay10ms(10);
  36   3                              aa=_crol_(aa,1);                //右移，流水灯
  37   3                      }                       
  38   2              }
  39   1      }
  40          void t0() interrupt 1                                                    //定时器
  41          {
  42   1              TH0=(65536-5000)/256;
  43   1              TL0=(65536-5000)%256;
  44   1              num++;
  45   1      }
  46          
  47          void I1() interrupt 2
  48          {
  49   1              TR0=~TR0;
  50   1      }


MODULE INFORMATION:   STATIC OVERLAYABLE
   CODE SIZE        =    115    ----
   CONSTANT SIZE    =   ----    ----
C51 COMPILER V9.01   第二_                                                                05/22/2017 20:28:53 PAGE 2   

   XDATA SIZE       =   ----    ----
   PDATA SIZE       =   ----    ----
   DATA SIZE        =      4    ----
   IDATA SIZE       =   ----    ----
   BIT SIZE         =   ----    ----
END OF MODULE INFORMATION.


C51 COMPILATION COMPLETE.  0 WARNING(S),  0 ERROR(S)
